{"/Users/aoki/training-unit-test-demo-2/src/logic.ts": {"path":"/Users/aoki/training-unit-test-demo-2/src/logic.ts","all":false,"statementMap":{"0":{"start":{"line":1,"column":0},"end":{"line":1,"column":36}},"1":{"start":{"line":2,"column":0},"end":{"line":2,"column":32}},"2":{"start":{"line":3,"column":0},"end":{"line":3,"column":40}},"3":{"start":{"line":4,"column":0},"end":{"line":4,"column":0}},"4":{"start":{"line":5,"column":0},"end":{"line":5,"column":43}},"5":{"start":{"line":6,"column":0},"end":{"line":6,"column":59}},"6":{"start":{"line":7,"column":0},"end":{"line":7,"column":19}},"7":{"start":{"line":8,"column":0},"end":{"line":8,"column":33}},"8":{"start":{"line":9,"column":0},"end":{"line":9,"column":3}},"9":{"start":{"line":10,"column":0},"end":{"line":10,"column":1}},"10":{"start":{"line":11,"column":0},"end":{"line":11,"column":0}},"11":{"start":{"line":12,"column":0},"end":{"line":12,"column":64}},"12":{"start":{"line":13,"column":0},"end":{"line":13,"column":12}},"13":{"start":{"line":14,"column":0},"end":{"line":14,"column":44}},"14":{"start":{"line":15,"column":0},"end":{"line":15,"column":3}},"15":{"start":{"line":16,"column":0},"end":{"line":16,"column":0}},"16":{"start":{"line":17,"column":0},"end":{"line":17,"column":35}},"17":{"start":{"line":18,"column":0},"end":{"line":18,"column":14}},"18":{"start":{"line":19,"column":0},"end":{"line":19,"column":66}},"19":{"start":{"line":20,"column":0},"end":{"line":20,"column":3}},"20":{"start":{"line":21,"column":0},"end":{"line":21,"column":14}},"21":{"start":{"line":22,"column":0},"end":{"line":22,"column":2}},"22":{"start":{"line":23,"column":0},"end":{"line":23,"column":0}},"23":{"start":{"line":24,"column":0},"end":{"line":24,"column":90}},"24":{"start":{"line":25,"column":0},"end":{"line":25,"column":40}},"25":{"start":{"line":26,"column":0},"end":{"line":26,"column":68}},"26":{"start":{"line":27,"column":0},"end":{"line":27,"column":3}},"27":{"start":{"line":28,"column":0},"end":{"line":28,"column":0}},"28":{"start":{"line":29,"column":0},"end":{"line":29,"column":24}},"29":{"start":{"line":30,"column":0},"end":{"line":30,"column":25}},"30":{"start":{"line":31,"column":0},"end":{"line":31,"column":86}},"31":{"start":{"line":32,"column":0},"end":{"line":32,"column":3}},"32":{"start":{"line":33,"column":0},"end":{"line":33,"column":0}},"33":{"start":{"line":34,"column":0},"end":{"line":34,"column":22}},"34":{"start":{"line":35,"column":0},"end":{"line":35,"column":21}},"35":{"start":{"line":36,"column":0},"end":{"line":36,"column":65}},"36":{"start":{"line":37,"column":0},"end":{"line":37,"column":3}},"37":{"start":{"line":38,"column":0},"end":{"line":38,"column":0}},"38":{"start":{"line":39,"column":0},"end":{"line":39,"column":22}},"39":{"start":{"line":40,"column":0},"end":{"line":40,"column":56}},"40":{"start":{"line":41,"column":0},"end":{"line":41,"column":31}},"41":{"start":{"line":42,"column":0},"end":{"line":42,"column":17}},"42":{"start":{"line":43,"column":0},"end":{"line":43,"column":2}},"43":{"start":{"line":44,"column":0},"end":{"line":44,"column":0}},"44":{"start":{"line":45,"column":0},"end":{"line":45,"column":89}},"45":{"start":{"line":46,"column":0},"end":{"line":46,"column":38}},"46":{"start":{"line":47,"column":0},"end":{"line":47,"column":66}},"47":{"start":{"line":48,"column":0},"end":{"line":48,"column":3}},"48":{"start":{"line":49,"column":0},"end":{"line":49,"column":0}},"49":{"start":{"line":50,"column":0},"end":{"line":50,"column":35}},"50":{"start":{"line":51,"column":0},"end":{"line":51,"column":14}},"51":{"start":{"line":52,"column":0},"end":{"line":52,"column":66}},"52":{"start":{"line":53,"column":0},"end":{"line":53,"column":3}},"53":{"start":{"line":54,"column":0},"end":{"line":54,"column":0}},"54":{"start":{"line":55,"column":0},"end":{"line":55,"column":22}},"55":{"start":{"line":56,"column":0},"end":{"line":56,"column":21}},"56":{"start":{"line":57,"column":0},"end":{"line":57,"column":65}},"57":{"start":{"line":58,"column":0},"end":{"line":58,"column":3}},"58":{"start":{"line":59,"column":0},"end":{"line":59,"column":0}},"59":{"start":{"line":60,"column":0},"end":{"line":60,"column":44}},"60":{"start":{"line":61,"column":0},"end":{"line":61,"column":35}},"61":{"start":{"line":62,"column":0},"end":{"line":62,"column":21}},"62":{"start":{"line":63,"column":0},"end":{"line":63,"column":2}},"63":{"start":{"line":64,"column":0},"end":{"line":64,"column":0}},"64":{"start":{"line":65,"column":0},"end":{"line":65,"column":61}},"65":{"start":{"line":66,"column":0},"end":{"line":66,"column":12}},"66":{"start":{"line":67,"column":0},"end":{"line":67,"column":52}},"67":{"start":{"line":68,"column":0},"end":{"line":68,"column":3}},"68":{"start":{"line":69,"column":0},"end":{"line":69,"column":0}},"69":{"start":{"line":70,"column":0},"end":{"line":70,"column":29}},"70":{"start":{"line":71,"column":0},"end":{"line":71,"column":66}},"71":{"start":{"line":72,"column":0},"end":{"line":72,"column":3}},"72":{"start":{"line":73,"column":0},"end":{"line":73,"column":0}},"73":{"start":{"line":74,"column":0},"end":{"line":74,"column":25}},"74":{"start":{"line":75,"column":0},"end":{"line":75,"column":50}},"75":{"start":{"line":76,"column":0},"end":{"line":76,"column":2}}},"s":{"0":1,"1":1,"2":1,"3":1,"4":1,"5":1,"6":12,"7":12,"8":12,"9":1,"10":1,"11":1,"12":6,"13":2,"14":2,"15":4,"16":4,"17":6,"18":2,"19":2,"20":1,"21":1,"22":1,"23":1,"24":11,"25":1,"26":1,"27":10,"28":10,"29":11,"30":1,"31":1,"32":9,"33":9,"34":11,"35":1,"36":1,"37":8,"38":8,"39":8,"40":8,"41":8,"42":8,"43":1,"44":1,"45":5,"46":1,"47":1,"48":4,"49":4,"50":5,"51":1,"52":1,"53":2,"54":2,"55":5,"56":1,"57":1,"58":1,"59":1,"60":1,"61":1,"62":1,"63":1,"64":1,"65":4,"66":1,"67":1,"68":3,"69":4,"70":1,"71":1,"72":2,"73":2,"74":2,"75":2},"branchMap":{"0":{"type":"branch","line":6,"loc":{"start":{"line":6,"column":2},"end":{"line":9,"column":3}},"locations":[{"start":{"line":6,"column":2},"end":{"line":9,"column":3}}]},"1":{"type":"branch","line":12,"loc":{"start":{"line":12,"column":28},"end":{"line":22,"column":2}},"locations":[{"start":{"line":12,"column":28},"end":{"line":22,"column":2}}]},"2":{"type":"branch","line":13,"loc":{"start":{"line":13,"column":11},"end":{"line":15,"column":3}},"locations":[{"start":{"line":13,"column":11},"end":{"line":15,"column":3}}]},"3":{"type":"branch","line":15,"loc":{"start":{"line":15,"column":2},"end":{"line":18,"column":13}},"locations":[{"start":{"line":15,"column":2},"end":{"line":18,"column":13}}]},"4":{"type":"branch","line":18,"loc":{"start":{"line":18,"column":13},"end":{"line":20,"column":3}},"locations":[{"start":{"line":18,"column":13},"end":{"line":20,"column":3}}]},"5":{"type":"branch","line":20,"loc":{"start":{"line":20,"column":2},"end":{"line":22,"column":2}},"locations":[{"start":{"line":20,"column":2},"end":{"line":22,"column":2}}]},"6":{"type":"branch","line":24,"loc":{"start":{"line":24,"column":23},"end":{"line":43,"column":2}},"locations":[{"start":{"line":24,"column":23},"end":{"line":43,"column":2}}]},"7":{"type":"branch","line":25,"loc":{"start":{"line":25,"column":7},"end":{"line":25,"column":39}},"locations":[{"start":{"line":25,"column":7},"end":{"line":25,"column":39}}]},"8":{"type":"branch","line":25,"loc":{"start":{"line":25,"column":39},"end":{"line":27,"column":3}},"locations":[{"start":{"line":25,"column":39},"end":{"line":27,"column":3}}]},"9":{"type":"branch","line":27,"loc":{"start":{"line":27,"column":2},"end":{"line":30,"column":24}},"locations":[{"start":{"line":27,"column":2},"end":{"line":30,"column":24}}]},"10":{"type":"branch","line":30,"loc":{"start":{"line":30,"column":24},"end":{"line":32,"column":3}},"locations":[{"start":{"line":30,"column":24},"end":{"line":32,"column":3}}]},"11":{"type":"branch","line":32,"loc":{"start":{"line":32,"column":2},"end":{"line":35,"column":20}},"locations":[{"start":{"line":32,"column":2},"end":{"line":35,"column":20}}]},"12":{"type":"branch","line":35,"loc":{"start":{"line":35,"column":20},"end":{"line":37,"column":3}},"locations":[{"start":{"line":35,"column":20},"end":{"line":37,"column":3}}]},"13":{"type":"branch","line":37,"loc":{"start":{"line":37,"column":2},"end":{"line":43,"column":2}},"locations":[{"start":{"line":37,"column":2},"end":{"line":43,"column":2}}]},"14":{"type":"branch","line":45,"loc":{"start":{"line":45,"column":26},"end":{"line":63,"column":2}},"locations":[{"start":{"line":45,"column":26},"end":{"line":63,"column":2}}]},"15":{"type":"branch","line":46,"loc":{"start":{"line":46,"column":37},"end":{"line":48,"column":3}},"locations":[{"start":{"line":46,"column":37},"end":{"line":48,"column":3}}]},"16":{"type":"branch","line":48,"loc":{"start":{"line":48,"column":2},"end":{"line":51,"column":13}},"locations":[{"start":{"line":48,"column":2},"end":{"line":51,"column":13}}]},"17":{"type":"branch","line":51,"loc":{"start":{"line":51,"column":13},"end":{"line":53,"column":3}},"locations":[{"start":{"line":51,"column":13},"end":{"line":53,"column":3}}]},"18":{"type":"branch","line":53,"loc":{"start":{"line":53,"column":2},"end":{"line":56,"column":20}},"locations":[{"start":{"line":53,"column":2},"end":{"line":56,"column":20}}]},"19":{"type":"branch","line":56,"loc":{"start":{"line":56,"column":20},"end":{"line":63,"column":2}},"locations":[{"start":{"line":56,"column":20},"end":{"line":63,"column":2}}]},"20":{"type":"branch","line":65,"loc":{"start":{"line":65,"column":26},"end":{"line":76,"column":2}},"locations":[{"start":{"line":65,"column":26},"end":{"line":76,"column":2}}]},"21":{"type":"branch","line":66,"loc":{"start":{"line":66,"column":11},"end":{"line":68,"column":3}},"locations":[{"start":{"line":66,"column":11},"end":{"line":68,"column":3}}]},"22":{"type":"branch","line":68,"loc":{"start":{"line":68,"column":2},"end":{"line":70,"column":28}},"locations":[{"start":{"line":68,"column":2},"end":{"line":70,"column":28}}]},"23":{"type":"branch","line":70,"loc":{"start":{"line":70,"column":28},"end":{"line":72,"column":3}},"locations":[{"start":{"line":70,"column":28},"end":{"line":72,"column":3}}]},"24":{"type":"branch","line":72,"loc":{"start":{"line":72,"column":2},"end":{"line":76,"column":2}},"locations":[{"start":{"line":72,"column":2},"end":{"line":76,"column":2}}]}},"b":{"0":[12],"1":[6],"2":[2],"3":[4],"4":[2],"5":[1],"6":[11],"7":[10],"8":[1],"9":[10],"10":[1],"11":[9],"12":[1],"13":[8],"14":[5],"15":[1],"16":[4],"17":[1],"18":[2],"19":[1],"20":[4],"21":[1],"22":[3],"23":[1],"24":[2]},"fnMap":{"0":{"name":"InventoryError","decl":{"start":{"line":6,"column":2},"end":{"line":9,"column":3}},"loc":{"start":{"line":6,"column":2},"end":{"line":9,"column":3}},"line":6},"1":{"name":"getInventory","decl":{"start":{"line":12,"column":28},"end":{"line":22,"column":2}},"loc":{"start":{"line":12,"column":28},"end":{"line":22,"column":2}},"line":12},"2":{"name":"addItem","decl":{"start":{"line":24,"column":23},"end":{"line":43,"column":2}},"loc":{"start":{"line":24,"column":23},"end":{"line":43,"column":2}},"line":24},"3":{"name":"updateItem","decl":{"start":{"line":45,"column":26},"end":{"line":63,"column":2}},"loc":{"start":{"line":45,"column":26},"end":{"line":63,"column":2}},"line":45},"4":{"name":"deleteItem","decl":{"start":{"line":65,"column":26},"end":{"line":76,"column":2}},"loc":{"start":{"line":65,"column":26},"end":{"line":76,"column":2}},"line":65}},"f":{"0":12,"1":6,"2":11,"3":5,"4":4}}
,"/Users/aoki/training-unit-test-demo-2/src/store.ts": {"path":"/Users/aoki/training-unit-test-demo-2/src/store.ts","all":false,"statementMap":{"0":{"start":{"line":1,"column":0},"end":{"line":1,"column":40}},"1":{"start":{"line":2,"column":0},"end":{"line":2,"column":0}},"2":{"start":{"line":3,"column":0},"end":{"line":3,"column":17}},"3":{"start":{"line":4,"column":0},"end":{"line":4,"column":36}},"4":{"start":{"line":5,"column":0},"end":{"line":5,"column":20}},"5":{"start":{"line":6,"column":0},"end":{"line":6,"column":1}},"6":{"start":{"line":7,"column":0},"end":{"line":7,"column":0}},"7":{"start":{"line":8,"column":0},"end":{"line":8,"column":29}},"8":{"start":{"line":9,"column":0},"end":{"line":9,"column":19}},"9":{"start":{"line":10,"column":0},"end":{"line":10,"column":22}},"10":{"start":{"line":11,"column":0},"end":{"line":11,"column":23}},"11":{"start":{"line":12,"column":0},"end":{"line":12,"column":3}},"12":{"start":{"line":13,"column":0},"end":{"line":13,"column":2}}},"s":{"0":1,"1":1,"2":1,"3":1,"4":1,"5":1,"6":1,"7":1,"8":1,"9":1,"10":19,"11":19,"12":1},"branchMap":{"0":{"type":"branch","line":10,"loc":{"start":{"line":10,"column":9},"end":{"line":12,"column":3}},"locations":[{"start":{"line":10,"column":9},"end":{"line":12,"column":3}}]}},"b":{"0":[19]},"fnMap":{"0":{"name":"clear","decl":{"start":{"line":10,"column":9},"end":{"line":12,"column":3}},"loc":{"start":{"line":10,"column":9},"end":{"line":12,"column":3}},"line":10}},"f":{"0":19}}
}
