TN:
SF:src/handler.ts
FN:1,(empty-report)
FNF:1
FNH:0
FNDA:0,(empty-report)
DA:1,0
DA:2,0
DA:3,0
DA:4,0
DA:5,0
DA:6,0
DA:7,0
DA:8,0
DA:9,0
DA:10,0
DA:11,0
DA:12,0
DA:13,0
DA:14,0
DA:15,0
DA:16,0
DA:17,0
DA:18,0
DA:19,0
DA:20,0
DA:21,0
DA:22,0
DA:23,0
DA:24,0
DA:25,0
DA:26,0
DA:27,0
DA:28,0
DA:29,0
DA:30,0
DA:31,0
DA:32,0
DA:33,0
DA:34,0
DA:35,0
DA:36,0
DA:37,0
DA:38,0
DA:39,0
DA:40,0
DA:41,0
DA:42,0
DA:43,0
DA:44,0
DA:45,0
DA:46,0
DA:47,0
DA:48,0
DA:49,0
DA:50,0
DA:51,0
DA:52,0
DA:53,0
DA:54,0
DA:55,0
DA:56,0
DA:57,0
DA:58,0
DA:59,0
LF:59
LH:0
BRDA:1,0,0,0
BRF:1
BRH:0
end_of_record
TN:
SF:src/logic.ts
FN:6,InventoryError
FN:12,getInventory
FN:24,addItem
FN:45,updateItem
FN:65,deleteItem
FNF:5
FNH:5
FNDA:8,InventoryError
FNDA:6,getInventory
FNDA:10,addItem
FNDA:4,updateItem
FNDA:3,deleteItem
DA:1,1
DA:2,1
DA:3,1
DA:4,1
DA:5,1
DA:6,1
DA:7,8
DA:8,8
DA:9,8
DA:10,1
DA:11,1
DA:12,1
DA:13,6
DA:14,2
DA:15,2
DA:16,4
DA:17,4
DA:18,6
DA:19,2
DA:20,2
DA:21,1
DA:22,1
DA:23,1
DA:24,1
DA:25,10
DA:26,1
DA:27,1
DA:28,9
DA:29,9
DA:30,10
DA:31,1
DA:32,1
DA:33,8
DA:34,8
DA:35,10
DA:36,1
DA:37,1
DA:38,7
DA:39,7
DA:40,7
DA:41,7
DA:42,7
DA:43,7
DA:44,1
DA:45,1
DA:46,4
DA:47,0
DA:48,0
DA:49,4
DA:50,4
DA:51,4
DA:52,1
DA:53,1
DA:54,2
DA:55,2
DA:56,4
DA:57,1
DA:58,1
DA:59,1
DA:60,1
DA:61,1
DA:62,1
DA:63,1
DA:64,1
DA:65,1
DA:66,3
DA:67,0
DA:68,0
DA:69,3
DA:70,3
DA:71,1
DA:72,1
DA:73,2
DA:74,2
DA:75,2
DA:76,2
LF:76
LH:72
BRDA:6,0,0,8
BRDA:12,1,0,6
BRDA:13,2,0,2
BRDA:15,3,0,4
BRDA:18,4,0,2
BRDA:20,5,0,1
BRDA:24,6,0,10
BRDA:25,7,0,9
BRDA:25,8,0,1
BRDA:27,9,0,9
BRDA:30,10,0,1
BRDA:32,11,0,8
BRDA:35,12,0,1
BRDA:37,13,0,7
BRDA:45,14,0,4
BRDA:46,15,0,0
BRDA:51,16,0,1
BRDA:53,17,0,2
BRDA:56,18,0,1
BRDA:65,19,0,3
BRDA:66,20,0,0
BRDA:70,21,0,1
BRDA:72,22,0,2
BRF:23
BRH:21
end_of_record
TN:
SF:src/store.ts
FN:10,clear
FNF:1
FNH:1
FNDA:17,clear
DA:1,1
DA:2,1
DA:3,1
DA:4,1
DA:5,1
DA:6,1
DA:7,1
DA:8,1
DA:9,1
DA:10,1
DA:11,17
DA:12,17
DA:13,1
LF:13
LH:13
BRDA:10,0,0,17
BRF:1
BRH:1
end_of_record
