TN:
SF:src/logic.ts
FN:6,InventoryError
FN:12,getInventory
FN:24,addItem
FN:45,updateItem
FN:65,deleteItem
FNF:5
FNH:5
FNDA:10,InventoryError
FNDA:6,getInventory
FNDA:10,addItem
FNDA:5,updateItem
FNDA:4,deleteItem
DA:1,1
DA:2,1
DA:3,1
DA:4,1
DA:5,1
DA:6,1
DA:7,10
DA:8,10
DA:9,10
DA:10,1
DA:11,1
DA:12,1
DA:13,6
DA:14,2
DA:15,2
DA:16,4
DA:17,4
DA:18,6
DA:19,2
DA:20,2
DA:21,1
DA:22,1
DA:23,1
DA:24,1
DA:25,10
DA:26,1
DA:27,1
DA:28,9
DA:29,9
DA:30,10
DA:31,1
DA:32,1
DA:33,8
DA:34,8
DA:35,10
DA:36,1
DA:37,1
DA:38,7
DA:39,7
DA:40,7
DA:41,7
DA:42,7
DA:43,7
DA:44,1
DA:45,1
DA:46,5
DA:47,1
DA:48,1
DA:49,4
DA:50,4
DA:51,5
DA:52,1
DA:53,1
DA:54,2
DA:55,2
DA:56,5
DA:57,1
DA:58,1
DA:59,1
DA:60,1
DA:61,1
DA:62,1
DA:63,1
DA:64,1
DA:65,1
DA:66,4
DA:67,1
DA:68,1
DA:69,3
DA:70,4
DA:71,1
DA:72,1
DA:73,2
DA:74,2
DA:75,2
DA:76,2
LF:76
LH:76
BRDA:6,0,0,10
BRDA:12,1,0,6
BRDA:13,2,0,2
BRDA:15,3,0,4
BRDA:18,4,0,2
BRDA:20,5,0,1
BRDA:24,6,0,10
BRDA:25,7,0,9
BRDA:25,8,0,1
BRDA:27,9,0,9
BRDA:30,10,0,1
BRDA:32,11,0,8
BRDA:35,12,0,1
BRDA:37,13,0,7
BRDA:45,14,0,5
BRDA:46,15,0,1
BRDA:48,16,0,4
BRDA:51,17,0,1
BRDA:53,18,0,2
BRDA:56,19,0,1
BRDA:65,20,0,4
BRDA:66,21,0,1
BRDA:68,22,0,3
BRDA:70,23,0,1
BRDA:72,24,0,2
BRF:25
BRH:25
end_of_record
TN:
SF:src/store.ts
FN:10,clear
FNF:1
FNH:1
FNDA:19,clear
DA:1,1
DA:2,1
DA:3,1
DA:4,1
DA:5,1
DA:6,1
DA:7,1
DA:8,1
DA:9,1
DA:10,1
DA:11,19
DA:12,19
DA:13,1
LF:13
LH:13
BRDA:10,0,0,19
BRF:1
BRH:1
end_of_record
